app/build/outputs/logs/manifest-merger-debug-report.txt
-- Merging decision tree log ---
manifest
ADDED from src/main/AndroidManifest.xml:2:1-51:12
	package
		ADDED from src/main/AndroidManifest.xml:3:5-36
		INJECTED from src/main/AndroidManifest.xml
		INJECTED from src/main/AndroidManifest.xml
	android:versionName
		ADDED from src/main/AndroidManifest.xml:5:5-30
		INJECTED from src/main/AndroidManifest.xml
		INJECTED from src/main/AndroidManifest.xml
	android:versionCode
		ADDED from src/main/AndroidManifest.xml:4:5-28
		INJECTED from src/main/AndroidManifest.xml
		INJECTED from src/main/AndroidManifest.xml
	xmlns:android
		ADDED from src/main/AndroidManifest.xml:2:11-69
uses-feature#android.hardware.usb.host
ADDED from src/main/AndroidManifest.xml:7:9-66
	android:name
		ADDED from src/main/AndroidManifest.xml:7:23-63
application
ADDED from src/main/AndroidManifest.xml:12:5-46:19
MERGED from [com.android.support:support-v4:23.0.0] AndroidManifest.xml:22:5-20
MERGED from [com.android.volley:volley:1.0.0] AndroidManifest.xml:9:5-20
	android:screenOrientation
		ADDED from src/main/AndroidManifest.xml:16:9-45
	android:label
		ADDED from src/main/AndroidManifest.xml:14:9-41
	android:icon
		ADDED from src/main/AndroidManifest.xml:13:9-45
activity#com.iritech.iddk.demo.IriShieldDemo
ADDED from src/main/AndroidManifest.xml:17:9-33:20
	android:screenOrientation
		ADDED from src/main/AndroidManifest.xml:21:13-49
	android:label
		ADDED from src/main/AndroidManifest.xml:19:13-45
	android:launchMode
		ADDED from src/main/AndroidManifest.xml:22:13-44
	android:icon
		ADDED from src/main/AndroidManifest.xml:20:13-49
	android:name
		ADDED from src/main/AndroidManifest.xml:18:13-63
intent-filter#android.intent.action.MAIN+android.intent.category.LAUNCHER
ADDED from src/main/AndroidManifest.xml:23:13-26:29
action#android.intent.action.MAIN
ADDED from src/main/AndroidManifest.xml:24:17-69
	android:name
		ADDED from src/main/AndroidManifest.xml:24:25-66
category#android.intent.category.LAUNCHER
ADDED from src/main/AndroidManifest.xml:25:17-77
	android:name
		ADDED from src/main/AndroidManifest.xml:25:27-74
intent-filter#android.hardware.usb.action.USB_DEVICE_ATTACHED
ADDED from src/main/AndroidManifest.xml:27:13-29:20
action#android.hardware.usb.action.USB_DEVICE_ATTACHED
ADDED from src/main/AndroidManifest.xml:28:8-81
	android:name
		ADDED from src/main/AndroidManifest.xml:28:16-78
meta-data#android.hardware.usb.action.USB_DEVICE_ATTACHED
ADDED from src/main/AndroidManifest.xml:31:4-32:44
	android:resource
		ADDED from src/main/AndroidManifest.xml:32:5-42
	android:name
		ADDED from src/main/AndroidManifest.xml:31:15-77
activity#com.iritech.iddk.demo.PreferencesActivity
ADDED from src/main/AndroidManifest.xml:34:9-36:14
	android:label
		ADDED from src/main/AndroidManifest.xml:35:4-42
	android:name
		ADDED from src/main/AndroidManifest.xml:34:19-54
activity#com.iritech.iddk.demo.CaptureActivity
ADDED from src/main/AndroidManifest.xml:37:3-39:14
	android:label
		ADDED from src/main/AndroidManifest.xml:38:4-42
	android:name
		ADDED from src/main/AndroidManifest.xml:37:13-44
activity#com.iritech.iddk.demo.RegistrationActivity
ADDED from src/main/AndroidManifest.xml:40:3-42:14
	android:label
		ADDED from src/main/AndroidManifest.xml:41:4-42
	android:name
		ADDED from src/main/AndroidManifest.xml:40:13-49
activity#com.iritech.iddk.demo.MatchingActivity
ADDED from src/main/AndroidManifest.xml:43:3-45:14
	android:label
		ADDED from src/main/AndroidManifest.xml:44:4-42
	android:name
		ADDED from src/main/AndroidManifest.xml:43:13-45
uses-permission#android.permission.WRITE_EXTERNAL_STORAGE
ADDED from src/main/AndroidManifest.xml:47:5-81
	android:name
		ADDED from src/main/AndroidManifest.xml:47:22-78
uses-permission#android.permission.INTERNET
ADDED from src/main/AndroidManifest.xml:48:2-64
	android:name
		ADDED from src/main/AndroidManifest.xml:48:19-61
uses-permission#android.permission.READ_EXTERNAL_STORAGE
ADDED from src/main/AndroidManifest.xml:49:2-77
	android:name
		ADDED from src/main/AndroidManifest.xml:49:19-74
uses-permission#android.permission.WAKE_LOCK
ADDED from src/main/AndroidManifest.xml:50:5-68
	android:name
		ADDED from src/main/AndroidManifest.xml:50:22-65
uses-sdk
INJECTED from src/main/AndroidManifest.xml reason: use-sdk injection requested
MERGED from [com.android.support:support-v4:23.0.0] AndroidManifest.xml:20:5-43
MERGED from [com.android.volley:volley:1.0.0] AndroidManifest.xml:7:5-43
	android:targetSdkVersion
		INJECTED from src/main/AndroidManifest.xml
		INJECTED from src/main/AndroidManifest.xml
	android:minSdkVersion
		INJECTED from src/main/AndroidManifest.xml
		INJECTED from src/main/AndroidManifest.xml